app/build/intermediates/runtime_symbol_list/debug/manifest_merge_blame_file/debug/manifest-merger-blame-debug-report.txt
1<?xml version="1.0" encoding="utf-8"?>
2<manifest xmlns:android="http://schemas.android.com/apk/res/android"
3    package="com.medicalcare"
4    android:versionCode="1"
5    android:versionName="1.0" >
6
7    <uses-sdk
8        android:minSdkVersion="21"
8-->src\main\AndroidManifest.xml
9        android:targetSdkVersion="30" />
9-->src\main\AndroidManifest.xml
10
11    <uses-permission android:name="android.permission.BLUETOOTH" />
11-->src\main\AndroidManifest.xml:5:5-68
11-->src\main\AndroidManifest.xml:5:22-65
12    <uses-permission android:name="android.permission.BLUETOOTH" />
12-->src\main\AndroidManifest.xml:5:5-68
12-->src\main\AndroidManifest.xml:5:22-65
13    <uses-permission android:name="android.permission.BLUETOOTH_ADMIN" />
13-->src\main\AndroidManifest.xml:7:5-74
13-->src\main\AndroidManifest.xml:7:22-71
14
15    <application
15-->src\main\AndroidManifest.xml:9:5-31:19
16        android:allowBackup="true"
16-->src\main\AndroidManifest.xml:10:9-35
17        android:appComponentFactory="androidx.core.app.CoreComponentFactory"
17-->[androidx.core:core:1.3.0] AndroidManifest.xml:24:18-86
18        android:debuggable="true"
19        android:icon="@mipmap/ic_launcher"
19-->src\main\AndroidManifest.xml:11:9-43
20        android:label="@string/app_name"
20-->src\main\AndroidManifest.xml:12:9-41
21        android:roundIcon="@mipmap/ic_launcher_round"
21-->src\main\AndroidManifest.xml:13:9-54
22        android:supportsRtl="true"
22-->src\main\AndroidManifest.xml:14:9-35
23        android:testOnly="true"
24        android:theme="@style/Theme.Design.Light.NoActionBar" >
24-->src\main\AndroidManifest.xml:15:9-62
25        <activity android:name="com.medicalcare.InformationActivity" />
25-->src\main\AndroidManifest.xml:16:9-66
25-->src\main\AndroidManifest.xml:16:19-54
26        <activity android:name="com.medicalcare.AboutActivity" />
26-->src\main\AndroidManifest.xml:17:9-51
26-->src\main\AndroidManifest.xml:17:19-48
27        <activity android:name="com.medicalcare.SettingsActivity" />
27-->src\main\AndroidManifest.xml:18:9-54
27-->src\main\AndroidManifest.xml:18:19-51
28        <activity android:name="com.medicalcare.StatusActivityTemp" />
28-->src\main\AndroidManifest.xml:19:9-20:49
28-->src\main\AndroidManifest.xml:20:13-47
29        <activity android:name="com.medicalcare.RecordsActivity" />
29-->src\main\AndroidManifest.xml:21:9-53
29-->src\main\AndroidManifest.xml:21:19-50
30        <activity android:name="com.medicalcare.MainMenuActivity" />
30-->src\main\AndroidManifest.xml:22:9-54
30-->src\main\AndroidManifest.xml:22:19-51
31        <activity android:name="com.medicalcare.NewUserActivity" />
31-->src\main\AndroidManifest.xml:23:9-53
31-->src\main\AndroidManifest.xml:23:19-50
32        <activity android:name="com.medicalcare.MainActivity" >
32-->src\main\AndroidManifest.xml:24:9-30:20
32-->src\main\AndroidManifest.xml:24:19-47
33            <intent-filter>
33-->src\main\AndroidManifest.xml:25:13-29:29
34                <action android:name="android.intent.action.MAIN" />
34-->src\main\AndroidManifest.xml:26:17-69
34-->src\main\AndroidManifest.xml:26:25-66
35
36                <category android:name="android.intent.category.LAUNCHER" />
36-->src\main\AndroidManifest.xml:28:17-77
36-->src\main\AndroidManifest.xml:28:27-74
37            </intent-filter>
38        </activity>
39    </application>
40
41</manifest>